[2025-01-02 15:24:11] Initializing first operation...
[2025-01-02 15:24:11] Buy Order Placed: 22114193
[2025-01-02 15:24:11] USDT Balance: 3.14
[2025-01-02 15:24:11] BTC Balance: 0.001
[2025-01-02 15:24:11] Current BTC Price: 96858.01 USDT
[2025-01-02 15:24:12] Insufficient USDT balance to buy.
[2025-01-02 15:24:14] Current USDT balance: 3.14
[2025-01-02 15:24:14] Current BTC balance: 0.001
[2025-01-02 15:24:14] Operations in queue: 1
[2025-01-02 15:24:24] USDT Balance: 3.14
[2025-01-02 15:24:24] BTC Balance: 0.001
[2025-01-02 15:24:24] Current BTC Price: 96888.0 USDT
[2025-01-02 15:24:25] Insufficient USDT balance to buy.
[2025-01-02 15:24:27] Current USDT balance: 3.14
[2025-01-02 15:24:27] Current BTC balance: 0.001
[2025-01-02 15:24:27] Operations in queue: 1
[2025-01-02 15:24:37] USDT Balance: 3.14
[2025-01-02 15:24:37] BTC Balance: 0.001
[2025-01-02 15:24:37] Current BTC Price: 96929.48 USDT
[2025-01-02 15:24:37] Insufficient USDT balance to buy.
[2025-01-02 15:24:39] Current USDT balance: 3.14
[2025-01-02 15:24:39] Current BTC balance: 0.001
[2025-01-02 15:24:39] Operations in queue: 1
[2025-01-02 15:24:49] USDT Balance: 3.14
[2025-01-02 15:24:49] BTC Balance: 0.001
[2025-01-02 15:24:50] Current BTC Price: 96960.31 USDT
[2025-01-02 15:24:50] Insufficient USDT balance to buy.
[2025-01-02 15:24:52] Current USDT balance: 3.14
[2025-01-02 15:24:52] Current BTC balance: 0.001
[2025-01-02 15:24:52] Operations in queue: 1
[2025-01-02 15:25:02] USDT Balance: 3.14
[2025-01-02 15:25:02] BTC Balance: 0.001
[2025-01-02 15:25:02] Current BTC Price: 96929.02 USDT
[2025-01-02 15:25:02] Insufficient USDT balance to buy.
[2025-01-02 15:25:04] Current USDT balance: 3.14
[2025-01-02 15:25:04] Current BTC balance: 0.001
[2025-01-02 15:25:04] Operations in queue: 1
[2025-01-02 15:25:15] USDT Balance: 3.14
[2025-01-02 15:25:15] BTC Balance: 0.001
[2025-01-02 15:25:15] Current BTC Price: 96992.72 USDT
[2025-01-02 15:25:15] Insufficient USDT balance to buy.
[2025-01-02 15:25:17] Current USDT balance: 3.14
[2025-01-02 15:25:17] Current BTC balance: 0.001
[2025-01-02 15:25:17] Operations in queue: 1
[2025-01-02 15:25:28] USDT Balance: 3.14
[2025-01-02 15:25:28] BTC Balance: 0.001
[2025-01-02 15:25:28] Current BTC Price: 96994.25 USDT
[2025-01-02 15:25:28] Insufficient USDT balance to buy.
[2025-01-02 15:25:30] Current USDT balance: 3.14
[2025-01-02 15:25:30] Current BTC balance: 0.001
[2025-01-02 15:25:30] Operations in queue: 1
[2025-01-02 15:25:41] USDT Balance: 3.14
[2025-01-02 15:25:41] BTC Balance: 0.001
[2025-01-02 15:25:41] Current BTC Price: 97052.0 USDT
[2025-01-02 15:25:41] Insufficient USDT balance to buy.
[2025-01-02 15:25:43] Current USDT balance: 3.14
[2025-01-02 15:25:43] Current BTC balance: 0.001
[2025-01-02 15:25:43] Operations in queue: 1
[2025-01-02 15:25:53] USDT Balance: 3.14
[2025-01-02 15:25:53] BTC Balance: 0.001
[2025-01-02 15:25:53] Current BTC Price: 97048.0 USDT
[2025-01-02 15:25:54] Insufficient USDT balance to buy.
[2025-01-02 15:25:56] Current USDT balance: 3.14
[2025-01-02 15:25:56] Current BTC balance: 0.001
[2025-01-02 15:25:56] Operations in queue: 1
[2025-01-02 15:26:06] USDT Balance: 3.14
[2025-01-02 15:26:06] BTC Balance: 0.001
[2025-01-02 15:26:06] Current BTC Price: 97042.06 USDT
[2025-01-02 15:26:07] Insufficient USDT balance to buy.
[2025-01-02 15:26:09] Current USDT balance: 3.14
[2025-01-02 15:26:09] Current BTC balance: 0.001
[2025-01-02 15:26:09] Operations in queue: 1
[2025-01-02 15:26:19] USDT Balance: 3.14
[2025-01-02 15:26:19] BTC Balance: 0.001
[2025-01-02 15:26:19] Current BTC Price: 97038.03 USDT
[2025-01-02 15:26:20] Insufficient USDT balance to buy.
[2025-01-02 15:26:22] Current USDT balance: 3.14
[2025-01-02 15:26:22] Current BTC balance: 0.001
[2025-01-02 15:26:22] Operations in queue: 1
[2025-01-02 15:26:32] USDT Balance: 3.14
[2025-01-02 15:26:32] BTC Balance: 0.001
[2025-01-02 15:26:32] Current BTC Price: 97004.16 USDT
[2025-01-02 15:26:33] Insufficient USDT balance to buy.
[2025-01-02 15:26:35] Current USDT balance: 3.14
[2025-01-02 15:26:35] Current BTC balance: 0.001
[2025-01-02 15:26:35] Operations in queue: 1
[2025-01-02 15:26:45] USDT Balance: 3.14
[2025-01-02 15:26:45] BTC Balance: 0.001
[2025-01-02 15:26:45] Current BTC Price: 96968.22 USDT
[2025-01-02 15:26:46] Insufficient USDT balance to buy.
[2025-01-02 15:26:48] Current USDT balance: 3.14
[2025-01-02 15:26:48] Current BTC balance: 0.001
[2025-01-02 15:26:48] Operations in queue: 1
[2025-01-02 15:26:59] USDT Balance: 3.14
[2025-01-02 15:26:59] BTC Balance: 0.001
[2025-01-02 15:26:59] Current BTC Price: 96922.79 USDT
[2025-01-02 15:26:59] Insufficient USDT balance to buy.
[2025-01-02 15:27:01] Current USDT balance: 3.14
[2025-01-02 15:27:01] Current BTC balance: 0.001
[2025-01-02 15:27:01] Operations in queue: 1
[2025-01-02 15:27:12] USDT Balance: 3.14
[2025-01-02 15:27:12] BTC Balance: 0.001
[2025-01-02 15:27:12] Current BTC Price: 96928.53 USDT
[2025-01-02 15:27:13] Insufficient USDT balance to buy.
[2025-01-02 15:27:15] Current USDT balance: 3.14
[2025-01-02 15:27:15] Current BTC balance: 0.001
[2025-01-02 15:27:15] Operations in queue: 1
[2025-01-02 15:27:25] USDT Balance: 3.14
[2025-01-02 15:27:25] BTC Balance: 0.001
[2025-01-02 15:27:25] Current BTC Price: 96944.63 USDT
[2025-01-02 15:27:26] Insufficient USDT balance to buy.
[2025-01-02 15:27:28] Current USDT balance: 3.14
[2025-01-02 15:27:28] Current BTC balance: 0.001
[2025-01-02 15:27:28] Operations in queue: 1
[2025-01-02 15:27:31] Bot stopped.
[2025-01-02 15:28:04] USDT Balance: 3.14
[2025-01-02 15:28:04] BTC Balance: 0.001
[2025-01-02 15:28:04] Current BTC Price: 96886.88 USDT
[2025-01-02 15:28:04] Insufficient USDT balance to buy.
[2025-01-02 15:28:06] Current USDT balance: 3.14
[2025-01-02 15:28:06] Current BTC balance: 0.001
[2025-01-02 15:28:06] Operations in queue: 1
[2025-01-02 15:28:16] USDT Balance: 3.14
[2025-01-02 15:28:16] BTC Balance: 0.001
[2025-01-02 15:28:16] Current BTC Price: 96908.44 USDT
[2025-01-02 15:28:17] Insufficient USDT balance to buy.
[2025-01-02 15:28:19] Current USDT balance: 3.14
[2025-01-02 15:28:19] Current BTC balance: 0.001
[2025-01-02 15:28:19] Operations in queue: 1
[2025-01-02 15:28:29] USDT Balance: 3.14
[2025-01-02 15:28:29] BTC Balance: 0.001
[2025-01-02 15:28:29] Current BTC Price: 96924.36 USDT
[2025-01-02 15:28:29] Insufficient USDT balance to buy.
[2025-01-02 15:28:31] Current USDT balance: 3.14
[2025-01-02 15:28:31] Current BTC balance: 0.001
[2025-01-02 15:28:31] Operations in queue: 1
[2025-01-02 15:28:41] USDT Balance: 3.14
[2025-01-02 15:28:41] BTC Balance: 0.001
[2025-01-02 15:28:41] Current BTC Price: 96949.99 USDT
[2025-01-02 15:28:42] Insufficient USDT balance to buy.
[2025-01-02 15:28:44] Current USDT balance: 3.14
[2025-01-02 15:28:44] Current BTC balance: 0.001
[2025-01-02 15:28:44] Operations in queue: 1
[2025-01-02 15:28:55] USDT Balance: 3.14
[2025-01-02 15:28:55] BTC Balance: 0.001
[2025-01-02 15:28:55] Current BTC Price: 96971.27 USDT
[2025-01-02 15:28:55] Insufficient USDT balance to buy.
[2025-01-02 15:28:57] Current USDT balance: 3.14
[2025-01-02 15:28:57] Current BTC balance: 0.001
[2025-01-02 15:28:57] Operations in queue: 1
[2025-01-02 15:29:08] USDT Balance: 3.14
[2025-01-02 15:29:08] BTC Balance: 0.001
[2025-01-02 15:29:08] Current BTC Price: 96951.71 USDT
[2025-01-02 15:29:08] Insufficient USDT balance to buy.
[2025-01-02 15:29:10] Current USDT balance: 3.14
[2025-01-02 15:29:10] Current BTC balance: 0.001
[2025-01-02 15:29:10] Operations in queue: 1
[2025-01-02 15:29:20] USDT Balance: 3.14
[2025-01-02 15:29:20] BTC Balance: 0.001
[2025-01-02 15:29:20] Current BTC Price: 96923.07 USDT
[2025-01-02 15:29:21] Insufficient USDT balance to buy.
[2025-01-02 15:29:23] Current USDT balance: 3.14
[2025-01-02 15:29:23] Current BTC balance: 0.001
[2025-01-02 15:29:23] Operations in queue: 1
[2025-01-02 15:29:33] USDT Balance: 3.14
[2025-01-02 15:29:33] BTC Balance: 0.001
[2025-01-02 15:29:33] Current BTC Price: 96924.61 USDT
[2025-01-02 15:29:34] Insufficient USDT balance to buy.
[2025-01-02 15:29:36] Current USDT balance: 3.14
[2025-01-02 15:29:36] Current BTC balance: 0.001
[2025-01-02 15:29:36] Operations in queue: 1
[2025-01-02 15:29:47] USDT Balance: 3.14
[2025-01-02 15:29:47] BTC Balance: 0.001
[2025-01-02 15:29:47] Current BTC Price: 96933.1 USDT
[2025-01-02 15:29:47] Insufficient USDT balance to buy.
[2025-01-02 15:29:49] Current USDT balance: 3.14
[2025-01-02 15:29:49] Current BTC balance: 0.001
[2025-01-02 15:29:49] Operations in queue: 1
[2025-01-02 15:29:59] USDT Balance: 3.14
[2025-01-02 15:29:59] BTC Balance: 0.001
[2025-01-02 15:29:59] Current BTC Price: 96990.49 USDT
[2025-01-02 15:29:59] Insufficient USDT balance to buy.
[2025-01-02 15:30:01] Current USDT balance: 3.14
[2025-01-02 15:30:02] Current BTC balance: 0.001
[2025-01-02 15:30:02] Operations in queue: 1
[2025-01-02 15:30:12] USDT Balance: 3.14
[2025-01-02 15:30:12] BTC Balance: 0.001
[2025-01-02 15:30:12] Current BTC Price: 96946.91 USDT
[2025-01-02 15:30:13] Insufficient USDT balance to buy.
[2025-01-02 15:30:15] Current USDT balance: 3.14
[2025-01-02 15:30:15] Current BTC balance: 0.001
[2025-01-02 15:30:15] Operations in queue: 1
[2025-01-02 15:30:25] USDT Balance: 3.14
[2025-01-02 15:30:25] BTC Balance: 0.001
[2025-01-02 15:30:25] Current BTC Price: 96944.0 USDT
[2025-01-02 15:30:26] Insufficient USDT balance to buy.
[2025-01-02 15:30:28] Current USDT balance: 3.14
[2025-01-02 15:30:28] Current BTC balance: 0.001
[2025-01-02 15:30:28] Operations in queue: 1
[2025-01-02 15:30:38] USDT Balance: 3.14
[2025-01-02 15:30:38] BTC Balance: 0.001
[2025-01-02 15:30:38] Current BTC Price: 96943.98 USDT
[2025-01-02 15:30:39] Insufficient USDT balance to buy.
[2025-01-02 15:30:41] Current USDT balance: 3.14
[2025-01-02 15:30:41] Current BTC balance: 0.001
[2025-01-02 15:30:41] Operations in queue: 1
[2025-01-02 15:30:51] USDT Balance: 3.14
[2025-01-02 15:30:51] BTC Balance: 0.001
[2025-01-02 15:30:51] Current BTC Price: 96912.07 USDT
[2025-01-02 15:30:52] Insufficient USDT balance to buy.
[2025-01-02 15:30:54] Current USDT balance: 3.14
[2025-01-02 15:30:54] Current BTC balance: 0.001
[2025-01-02 15:30:54] Operations in queue: 1
[2025-01-02 15:31:04] USDT Balance: 3.14
[2025-01-02 15:31:04] BTC Balance: 0.001
[2025-01-02 15:31:04] Current BTC Price: 96919.0 USDT
[2025-01-02 15:31:04] Insufficient USDT balance to buy.
[2025-01-02 15:31:06] Current USDT balance: 3.14
[2025-01-02 15:31:06] Current BTC balance: 0.001
[2025-01-02 15:31:06] Operations in queue: 1
[2025-01-02 15:31:17] USDT Balance: 3.14
[2025-01-02 15:31:17] BTC Balance: 0.001
[2025-01-02 15:31:17] Current BTC Price: 96912.12 USDT
[2025-01-02 15:31:17] Insufficient USDT balance to buy.
[2025-01-02 15:31:19] Current USDT balance: 3.14
[2025-01-02 15:31:19] Current BTC balance: 0.001
[2025-01-02 15:31:19] Operations in queue: 1
[2025-01-02 15:31:29] USDT Balance: 3.14
[2025-01-02 15:31:29] BTC Balance: 0.001
[2025-01-02 15:31:29] Current BTC Price: 96905.0 USDT
[2025-01-02 15:31:30] Insufficient USDT balance to buy.
[2025-01-02 15:31:32] Current USDT balance: 3.14
[2025-01-02 15:31:32] Current BTC balance: 0.001
[2025-01-02 15:31:32] Operations in queue: 1
[2025-01-02 15:31:42] USDT Balance: 3.14
[2025-01-02 15:31:42] BTC Balance: 0.001
[2025-01-02 15:31:42] Current BTC Price: 96881.58 USDT
[2025-01-02 15:31:42] Insufficient USDT balance to buy.
[2025-01-02 15:31:44] Current USDT balance: 3.14
[2025-01-02 15:31:44] Current BTC balance: 0.001
[2025-01-02 15:31:44] Operations in queue: 1
[2025-01-02 15:31:49] Bot stopped.
